<?xml version="1.0" encoding="UTF-8"?>
<!-- Generated by org.testng.reporters.JUnitReportReporter -->
<testsuite hostname="DESKTOP-6VV3ALG" failures="0" tests="1" name="com.webdrivers.waitcommands$checkbox" time="11.596" errors="0" timestamp="2021-07-21T16:48:46 IST" skipped="0">
  <testcase classname="com.webdrivers.waitcommands$checkbox" name="script1" time="11.596"/>
  <system-out/>
</testsuite> <!-- com.webdrivers.waitcommands$checkbox -->
