<?xml version="1.0" encoding="UTF-8"?>
<!-- Generated by org.testng.reporters.JUnitReportReporter -->
<testsuite hostname="DESKTOP-6VV3ALG" failures="0" tests="1" name="test.Hyperlink" time="7.600" errors="0" timestamp="2021-07-21T19:23:27 IST" skipped="0">
  <testcase classname="test.Hyperlink" name="Hyperlink" time="7.600"/>
  <system-out/>
</testsuite> <!-- test.Hyperlink -->
