<?xml version="1.0" encoding="UTF-8"?>
<!-- Generated by org.testng.reporters.JUnitReportReporter -->
<testsuite hostname="DESKTOP-6VV3ALG" failures="0" tests="1" name="test.Popups1" time="13.163" errors="0" timestamp="2021-07-21T16:27:28 IST" skipped="0">
  <testcase classname="test.Popups1" name="alertpopups" time="13.163"/>
  <system-out/>
</testsuite> <!-- test.Popups1 -->
