<?xml version="1.0" encoding="UTF-8"?>
<!-- Generated by org.testng.reporters.JUnitReportReporter -->
<testsuite hostname="DESKTOP-6VV3ALG" failures="0" tests="1" name="test.RadioButton" time="11.794" errors="0" timestamp="2021-07-21T16:34:52 IST" skipped="0">
  <testcase classname="test.RadioButton" name="Radiobutton1" time="11.794"/>
  <system-out/>
</testsuite> <!-- test.RadioButton -->
