<?xml version="1.0" encoding="UTF-8"?>
<!-- Generated by org.testng.reporters.JUnitReportReporter -->
<testsuite hostname="DESKTOP-6VV3ALG" failures="0" tests="1" name="test.Windowhandling" time="6.896" errors="0" timestamp="2021-07-21T19:14:34 IST" skipped="0">
  <testcase classname="test.Windowhandling" name="Windows" time="6.896"/>
  <system-out/>
</testsuite> <!-- test.Windowhandling -->
