<?xml version="1.0" encoding="UTF-8"?>
<!-- Generated by org.testng.reporters.JUnitReportReporter -->
<testsuite hostname="DESKTOP-6VV3ALG" failures="0" tests="1" name="test.Navigate" time="7.255" errors="0" timestamp="2021-07-21T16:10:32 IST" skipped="0">
  <testcase classname="test.Navigate" name="navigate" time="7.255"/>
  <system-out/>
</testsuite> <!-- test.Navigate -->
