<?xml version="1.0" encoding="UTF-8"?>
<!-- Generated by org.testng.reporters.JUnitReportReporter -->
<testsuite hostname="DESKTOP-6VV3ALG" failures="0" tests="1" name="com.webdrivers.unorderlist" time="10.118" errors="0" timestamp="2021-07-21T17:54:04 IST" skipped="0">
  <testcase classname="com.webdrivers.unorderlist" name="script1" time="10.118"/>
  <system-out/>
</testsuite> <!-- com.webdrivers.unorderlist -->
