<?xml version="1.0" encoding="UTF-8"?>
<!-- Generated by org.testng.reporters.JUnitReportReporter -->
<testsuite hostname="DESKTOP-6VV3ALG" failures="0" tests="1" name="com.webdrivers.dropanddrag" time="6.434" errors="0" timestamp="2021-07-21T17:17:35 IST" skipped="0">
  <testcase classname="com.webdrivers.dropanddrag" name="script1" time="6.434"/>
  <system-out/>
</testsuite> <!-- com.webdrivers.dropanddrag -->
