<?xml version="1.0" encoding="UTF-8"?>
<!-- Generated by org.testng.reporters.JUnitReportReporter -->
<testsuite hostname="DESKTOP-6VV3ALG" failures="0" tests="1" name="test.Test1" time="11.601" errors="0" timestamp="2021-07-20T23:30:19 IST" skipped="0">
  <testcase classname="test.Test1" name="Navigate" time="11.601"/>
  <system-out/>
</testsuite> <!-- test.Test1 -->
