<?xml version="1.0" encoding="UTF-8"?>
<!-- Generated by org.testng.reporters.JUnitReportReporter -->
<testsuite hostname="DESKTOP-6VV3ALG" failures="0" tests="1" name="test.Editmodule" time="9.839" errors="0" timestamp="2021-07-21T18:34:09 IST" skipped="0">
  <testcase classname="test.Editmodule" name="newtest" time="9.839"/>
  <system-out/>
</testsuite> <!-- test.Editmodule -->
