<?xml version="1.0" encoding="UTF-8"?>
<!-- Generated by org.testng.reporters.JUnitReportReporter -->
<testsuite hostname="DESKTOP-6VV3ALG" failures="0" tests="1" name="test.frames" time="3.984" errors="0" timestamp="2021-07-21T15:37:13 IST" skipped="0">
  <testcase classname="test.frames" name="script1" time="3.984"/>
  <system-out/>
</testsuite> <!-- test.frames -->
