<?xml version="1.0" encoding="UTF-8"?>
<!-- Generated by org.testng.reporters.JUnitReportReporter -->
<testsuite hostname="DESKTOP-6VV3ALG" failures="0" tests="1" name="test.Dropdown" time="7.668" errors="0" timestamp="2021-07-21T18:15:10 IST" skipped="0">
  <testcase classname="test.Dropdown" name="dropdowns" time="7.668"/>
  <system-out/>
</testsuite> <!-- test.Dropdown -->
