<?xml version="1.0" encoding="UTF-8"?>
<!-- Generated by org.testng.reporters.JUnitReportReporter -->
<testsuite hostname="DESKTOP-6VV3ALG" failures="0" tests="1" name="com.webdrivers.fluentwait" time="5.669" errors="0" timestamp="2021-07-21T17:01:02 IST" skipped="0">
  <testcase classname="com.webdrivers.fluentwait" name="script1" time="5.669"/>
  <system-out/>
</testsuite> <!-- com.webdrivers.fluentwait -->
